-------------------------------------------------------------------------------
Test set: com.laiscarvalho.userapi.UserApiApplicationTests
-------------------------------------------------------------------------------
Tests run: 1, Failures: 0, Errors: 1, Skipped: 0, Time elapsed: 2.436 s <<< FAILURE! - in com.laiscarvalho.userapi.UserApiApplicationTests
contextLoads  Time elapsed: 0.003 s  <<< ERROR!
java.lang.IllegalStateException: Failed to load ApplicationContext
Caused by: org.springframework.beans.factory.BeanDefinitionStoreException: Failed to parse configuration class [com.laiscarvalho.userapi.UserApiApplication]; nested exception is org.springframework.context.annotation.ConflictingBeanDefinitionException: Annotation-specified bean name 'userController' for bean class [com.laiscarvalho.userapi.controller.UserController] conflicts with existing, non-compatible bean definition of same name and class [com.laiscarvalho.userapi.UserController]
Caused by: org.springframework.context.annotation.ConflictingBeanDefinitionException: Annotation-specified bean name 'userController' for bean class [com.laiscarvalho.userapi.controller.UserController] conflicts with existing, non-compatible bean definition of same name and class [com.laiscarvalho.userapi.UserController]

